[ 2016-03-07T15:30:18+08:00 ] 127.0.0.1 /tp-wfxyjsj/index.php/done/getimg.php?cookie=&number=
INFO: [ app_init ] --START--
INFO: Run Behavior\BuildLiteBehavior [ RunTime:0.000024s ]
INFO: [ app_init ] --END-- [ RunTime:0.000615s ]
ERR: 无法加载模块:Done

[ 2016-03-07T15:34:44+08:00 ] 127.0.0.1 /tp-wfxyjsj/index.php/done/getimg.php?cookie=&number=
INFO: [ app_init ] --START--
INFO: Run Behavior\BuildLiteBehavior [ RunTime:0.000013s ]
INFO: [ app_init ] --END-- [ RunTime:0.000340s ]
ERR: 无法加载模块:Done

[ 2016-03-07T15:34:44+08:00 ] 127.0.0.1 /tp-wfxyjsj/index.php/done/getimg.php?cookie=&number=
INFO: [ app_init ] --START--
INFO: Run Behavior\BuildLiteBehavior [ RunTime:0.000015s ]
INFO: [ app_init ] --END-- [ RunTime:0.000431s ]
ERR: 无法加载模块:Done

[ 2016-03-07T15:35:22+08:00 ] 127.0.0.1 /tp-wfxyjsj/index.php/done/getimg.php?cookie=&number=
INFO: [ app_init ] --START--
INFO: Run Behavior\BuildLiteBehavior [ RunTime:0.000013s ]
INFO: [ app_init ] --END-- [ RunTime:0.000334s ]
ERR: 无法加载模块:Done

[ 2016-03-07T15:35:22+08:00 ] 127.0.0.1 /tp-wfxyjsj/index.php/done/getimg.php?cookie=&number=
INFO: [ app_init ] --START--
INFO: Run Behavior\BuildLiteBehavior [ RunTime:0.000018s ]
INFO: [ app_init ] --END-- [ RunTime:0.000452s ]
ERR: 无法加载模块:Done

[ 2016-03-07T15:38:40+08:00 ] 127.0.0.1 /tp-wfxyjsj/index.php/done/getimg.php?cookie=&number=
INFO: [ app_init ] --START--
INFO: Run Behavior\BuildLiteBehavior [ RunTime:0.000020s ]
INFO: [ app_init ] --END-- [ RunTime:0.000491s ]
ERR: 无法加载模块:Done

[ 2016-03-07T15:42:17+08:00 ] 127.0.0.1 /tp-wfxyjsj/index.php/done/getimg.php?cookie=&number=
INFO: [ app_init ] --START--
INFO: Run Behavior\BuildLiteBehavior [ RunTime:0.000014s ]
INFO: [ app_init ] --END-- [ RunTime:0.000376s ]
ERR: 无法加载模块:Done

[ 2016-03-07T15:42:18+08:00 ] 127.0.0.1 /tp-wfxyjsj/index.php/done/getimg.php?cookie=&number=
INFO: [ app_init ] --START--
INFO: Run Behavior\BuildLiteBehavior [ RunTime:0.000016s ]
INFO: [ app_init ] --END-- [ RunTime:0.000413s ]
ERR: 无法加载模块:Done

